  output.c
c:\users\chen\documents\codes\littletrain\littletrain\output.c(18): warning C4996: 'fopen': This function or variable may be unsafe. Consider using fopen_s instead. To disable deprecation, use _CRT_SECURE_NO_WARNINGS. See online help for details.
  c:\program files (x86)\windows kits\10\include\10.0.10240.0\ucrt\stdio.h(205): note: 参见“fopen”的声明
c:\users\chen\documents\codes\littletrain\littletrain\output.c(36): warning C4244: “-=”: 从“double”转换到“int”，可能丢失数据
c:\users\chen\documents\codes\littletrain\littletrain\output.c(53): warning C4244: “-=”: 从“double”转换到“int”，可能丢失数据
c:\users\chen\documents\codes\littletrain\littletrain\output.c(72): warning C4244: “-=”: 从“double”转换到“int”，可能丢失数据
c:\users\chen\documents\codes\littletrain\littletrain\output.c(89): warning C4244: “-=”: 从“double”转换到“int”，可能丢失数据
c:\users\chen\documents\codes\littletrain\littletrain\output.c(108): warning C4244: “-=”: 从“double”转换到“int”，可能丢失数据
c:\users\chen\documents\codes\littletrain\littletrain\output.c(125): warning C4244: “-=”: 从“double”转换到“int”，可能丢失数据
c:\users\chen\documents\codes\littletrain\littletrain\output.c(144): warning C4244: “-=”: 从“double”转换到“int”，可能丢失数据
c:\users\chen\documents\codes\littletrain\littletrain\output.c(161): warning C4244: “-=”: 从“double”转换到“int”，可能丢失数据
c:\users\chen\documents\codes\littletrain\littletrain\output.c(180): warning C4244: “-=”: 从“double”转换到“int”，可能丢失数据
c:\users\chen\documents\codes\littletrain\littletrain\output.c(197): warning C4244: “-=”: 从“double”转换到“int”，可能丢失数据
c:\users\chen\documents\codes\littletrain\littletrain\output.c(216): warning C4244: “-=”: 从“double”转换到“int”，可能丢失数据
c:\users\chen\documents\codes\littletrain\littletrain\output.c(233): warning C4244: “-=”: 从“double”转换到“int”，可能丢失数据
c:\users\chen\documents\codes\littletrain\littletrain\output.c(252): warning C4244: “-=”: 从“double”转换到“int”，可能丢失数据
c:\users\chen\documents\codes\littletrain\littletrain\output.c(269): warning C4244: “-=”: 从“double”转换到“int”，可能丢失数据
c:\users\chen\documents\codes\littletrain\littletrain\output.c(288): warning C4244: “-=”: 从“double”转换到“int”，可能丢失数据
c:\users\chen\documents\codes\littletrain\littletrain\output.c(305): warning C4244: “-=”: 从“double”转换到“int”，可能丢失数据
c:\users\chen\documents\codes\littletrain\littletrain\output.c(28): warning C4244: “初始化”: 从“double”转换到“int”，可能丢失数据
c:\users\chen\documents\codes\littletrain\littletrain\output.c(324): warning C4013: “system”未定义；假设外部返回 int
c:\users\chen\documents\codes\littletrain\littletrain\output.c(341): warning C4996: 'fopen': This function or variable may be unsafe. Consider using fopen_s instead. To disable deprecation, use _CRT_SECURE_NO_WARNINGS. See online help for details.
  c:\program files (x86)\windows kits\10\include\10.0.10240.0\ucrt\stdio.h(205): note: 参见“fopen”的声明
  main.c
  input.c
c:\users\chen\documents\codes\littletrain\littletrain\input.c(179): warning C4996: 'fopen': This function or variable may be unsafe. Consider using fopen_s instead. To disable deprecation, use _CRT_SECURE_NO_WARNINGS. See online help for details.
  c:\program files (x86)\windows kits\10\include\10.0.10240.0\ucrt\stdio.h(205): note: 参见“fopen”的声明
c:\users\chen\documents\codes\littletrain\littletrain\input.c(180): warning C4996: 'fopen': This function or variable may be unsafe. Consider using fopen_s instead. To disable deprecation, use _CRT_SECURE_NO_WARNINGS. See online help for details.
  c:\program files (x86)\windows kits\10\include\10.0.10240.0\ucrt\stdio.h(205): note: 参见“fopen”的声明
c:\users\chen\documents\codes\littletrain\littletrain\input.c(189): warning C4996: 'fscanf': This function or variable may be unsafe. Consider using fscanf_s instead. To disable deprecation, use _CRT_SECURE_NO_WARNINGS. See online help for details.
  c:\program files (x86)\windows kits\10\include\10.0.10240.0\ucrt\stdio.h(1193): note: 参见“fscanf”的声明
c:\users\chen\documents\codes\littletrain\littletrain\input.c(202): warning C4996: 'fscanf': This function or variable may be unsafe. Consider using fscanf_s instead. To disable deprecation, use _CRT_SECURE_NO_WARNINGS. See online help for details.
  c:\program files (x86)\windows kits\10\include\10.0.10240.0\ucrt\stdio.h(1193): note: 参见“fscanf”的声明
c:\users\chen\documents\codes\littletrain\littletrain\input.c(218): warning C4996: 'fscanf': This function or variable may be unsafe. Consider using fscanf_s instead. To disable deprecation, use _CRT_SECURE_NO_WARNINGS. See online help for details.
  c:\program files (x86)\windows kits\10\include\10.0.10240.0\ucrt\stdio.h(1193): note: 参见“fscanf”的声明
c:\users\chen\documents\codes\littletrain\littletrain\input.c(223): warning C4996: 'fscanf': This function or variable may be unsafe. Consider using fscanf_s instead. To disable deprecation, use _CRT_SECURE_NO_WARNINGS. See online help for details.
  c:\program files (x86)\windows kits\10\include\10.0.10240.0\ucrt\stdio.h(1193): note: 参见“fscanf”的声明
c:\users\chen\documents\codes\littletrain\littletrain\input.c(242): warning C4996: 'fscanf': This function or variable may be unsafe. Consider using fscanf_s instead. To disable deprecation, use _CRT_SECURE_NO_WARNINGS. See online help for details.
  c:\program files (x86)\windows kits\10\include\10.0.10240.0\ucrt\stdio.h(1193): note: 参见“fscanf”的声明
c:\users\chen\documents\codes\littletrain\littletrain\input.c(283): warning C4996: 'fscanf': This function or variable may be unsafe. Consider using fscanf_s instead. To disable deprecation, use _CRT_SECURE_NO_WARNINGS. See online help for details.
  c:\program files (x86)\windows kits\10\include\10.0.10240.0\ucrt\stdio.h(1193): note: 参见“fscanf”的声明
c:\users\chen\documents\codes\littletrain\littletrain\input.c(310): warning C4996: 'fscanf': This function or variable may be unsafe. Consider using fscanf_s instead. To disable deprecation, use _CRT_SECURE_NO_WARNINGS. See online help for details.
  c:\program files (x86)\windows kits\10\include\10.0.10240.0\ucrt\stdio.h(1193): note: 参见“fscanf”的声明
c:\users\chen\documents\codes\littletrain\littletrain\input.c(344): warning C4996: 'fscanf': This function or variable may be unsafe. Consider using fscanf_s instead. To disable deprecation, use _CRT_SECURE_NO_WARNINGS. See online help for details.
  c:\program files (x86)\windows kits\10\include\10.0.10240.0\ucrt\stdio.h(1193): note: 参见“fscanf”的声明
c:\users\chen\documents\codes\littletrain\littletrain\input.c(391): warning C4996: 'fscanf': This function or variable may be unsafe. Consider using fscanf_s instead. To disable deprecation, use _CRT_SECURE_NO_WARNINGS. See online help for details.
  c:\program files (x86)\windows kits\10\include\10.0.10240.0\ucrt\stdio.h(1193): note: 参见“fscanf”的声明
c:\users\chen\documents\codes\littletrain\littletrain\input.c(409): warning C4996: 'fopen': This function or variable may be unsafe. Consider using fopen_s instead. To disable deprecation, use _CRT_SECURE_NO_WARNINGS. See online help for details.
  c:\program files (x86)\windows kits\10\include\10.0.10240.0\ucrt\stdio.h(205): note: 参见“fopen”的声明
c:\users\chen\documents\codes\littletrain\littletrain\input.c(418): warning C4996: 'fscanf': This function or variable may be unsafe. Consider using fscanf_s instead. To disable deprecation, use _CRT_SECURE_NO_WARNINGS. See online help for details.
  c:\program files (x86)\windows kits\10\include\10.0.10240.0\ucrt\stdio.h(1193): note: 参见“fscanf”的声明
c:\users\chen\documents\codes\littletrain\littletrain\input.c(422): warning C4996: 'fscanf': This function or variable may be unsafe. Consider using fscanf_s instead. To disable deprecation, use _CRT_SECURE_NO_WARNINGS. See online help for details.
  c:\program files (x86)\windows kits\10\include\10.0.10240.0\ucrt\stdio.h(1193): note: 参见“fscanf”的声明
c:\users\chen\documents\codes\littletrain\littletrain\input.c(428): warning C4996: 'fscanf': This function or variable may be unsafe. Consider using fscanf_s instead. To disable deprecation, use _CRT_SECURE_NO_WARNINGS. See online help for details.
  c:\program files (x86)\windows kits\10\include\10.0.10240.0\ucrt\stdio.h(1193): note: 参见“fscanf”的声明
c:\users\chen\documents\codes\littletrain\littletrain\input.c(436): warning C4996: 'fscanf': This function or variable may be unsafe. Consider using fscanf_s instead. To disable deprecation, use _CRT_SECURE_NO_WARNINGS. See online help for details.
  c:\program files (x86)\windows kits\10\include\10.0.10240.0\ucrt\stdio.h(1193): note: 参见“fscanf”的声明
c:\users\chen\documents\codes\littletrain\littletrain\input.c(447): warning C4996: 'fscanf': This function or variable may be unsafe. Consider using fscanf_s instead. To disable deprecation, use _CRT_SECURE_NO_WARNINGS. See online help for details.
  c:\program files (x86)\windows kits\10\include\10.0.10240.0\ucrt\stdio.h(1193): note: 参见“fscanf”的声明
c:\users\chen\documents\codes\littletrain\littletrain\input.c(470): warning C4996: 'fopen': This function or variable may be unsafe. Consider using fopen_s instead. To disable deprecation, use _CRT_SECURE_NO_WARNINGS. See online help for details.
  c:\program files (x86)\windows kits\10\include\10.0.10240.0\ucrt\stdio.h(205): note: 参见“fopen”的声明
  FSM.c
  coreDataAPI.c
  calculator.c
c:\users\chen\documents\codes\littletrain\littletrain\calculator.c(62): warning C4244: “=”: 从“double”转换到“clock_t”，可能丢失数据
c:\users\chen\documents\codes\littletrain\littletrain\calculator.c(75): warning C4244: “=”: 从“double”转换到“clock_t”，可能丢失数据
c:\users\chen\documents\codes\littletrain\littletrain\calculator.c(158): warning C4996: 'scanf': This function or variable may be unsafe. Consider using scanf_s instead. To disable deprecation, use _CRT_SECURE_NO_WARNINGS. See online help for details.
  c:\program files (x86)\windows kits\10\include\10.0.10240.0\ucrt\stdio.h(1270): note: 参见“scanf”的声明
  正在生成代码...
  againtrain.vcxproj -> C:\Users\chen\Documents\codes\LittleTrain\againtrain\againtrain\Debug\againtrain.exe
